Build started 6/16/2014 00:42:28.
     1>Project "C:\Users\Anil\documents\visual studio 2013\Projects\CMU_test_00\CMU_test_00\CMU_test_00.vcxproj" on node 2 (Build target(s)).
     1>ClCompile:
         C:\Program Files\Microsoft Visual Studio 12.0\VC\bin\CL.exe /c /ID:\CMUSphinx\sphinxbase\include /ID:\CMUSphinx\sphinxbase\include\win32 /ID:\CMUSphinx\pocketsphinx\include /ZI /nologo /W3 /WX- /sdl /Od /Oy- /D WIN32 /D _DEBUG /D _CONSOLE /D _LIB /D _UNICODE /D UNICODE /Gm /EHsc /RTC1 /MD /GS /fp:precise /Zc:wchar_t /Zc:forScope /Fo"Debug\\" /Fd"Debug\vc120.pdb" /Gd /TP /analyze- /errorReport:prompt Source.cpp
         Source.cpp
     1>c:\users\anil\documents\visual studio 2013\projects\cmu_test_00\cmu_test_00\source.cpp(5): fatal error C1083: Cannot open include file: 'pocketsphinx_internal.h': No such file or directory
     1>Done Building Project "C:\Users\Anil\documents\visual studio 2013\Projects\CMU_test_00\CMU_test_00\CMU_test_00.vcxproj" (Build target(s)) -- FAILED.

Build FAILED.

Time Elapsed 00:00:00.51
